<html>
<head>
<title>TestNG:  Default test</title>
<link href="../testng.css" rel="stylesheet" type="text/css" />
<link href="../my-testng.css" rel="stylesheet" type="text/css" />

<style type="text/css">
.log { display: none;} 
.stack-trace { display: none;} 
</style>
<script type="text/javascript">
<!--
function flip(e) {
  current = e.style.display;
  if (current == 'block') {
    e.style.display = 'none';
    return 0;
  }
  else {
    e.style.display = 'block';
    return 1;
  }
}

function toggleBox(szDivId, elem, msg1, msg2)
{
  var res = -1;  if (document.getElementById) {
    res = flip(document.getElementById(szDivId));
  }
  else if (document.all) {
    // this is the way old msie versions work
    res = flip(document.all[szDivId]);
  }
  if(elem) {
    if(res == 0) elem.innerHTML = msg1; else elem.innerHTML = msg2;
  }

}

function toggleAllBoxes() {
  if (document.getElementsByTagName) {
    d = document.getElementsByTagName('div');
    for (i = 0; i < d.length; i++) {
      if (d[i].className == 'log') {
        flip(d[i]);
      }
    }
  }
}

// -->
</script>

</head>
<body>
<h2 align='center'>Default test</h2><table border='1' align="center">
<tr>
<td>Tests passed/Failed/Skipped:</td><td>24/1/0</td>
</tr><tr>
<td>Started on:</td><td>Fri Mar 15 11:23:04 MSK 2019</td>
</tr>
<tr><td>Total time:</td><td>0 seconds (270 ms)</td>
</tr><tr>
<td>Included groups:</td><td></td>
</tr><tr>
<td>Excluded groups:</td><td></td>
</tr>
</table><p/>
<small><i>(Hover the method name to see the test class name)</i></small><p/>
<table width='100%' border='1' class='invocation-failed'>
<tr><td colspan='4' align='center'><b>FAILED TESTS</b></td></tr>
<tr><td><b>Test method</b></td>
<td width="30%"><b>Exception</b></td>
<td width="10%"><b>Time (seconds)</b></td>
<td><b>Instance</b></td>
</tr>
<tr>
<td title='environment.NewTest.test1()'><b>test1</b><br>Test class: environment.NewTest</td>
<td><div><pre>org.testng.TestException: 
Expected exception of type class java.lang.ArithmeticException but got java.lang.Error: Unresolved compilation problem: 
	Syntax error, insert &quot;}&quot; to complete Block

	at org.testng.internal.ExpectedExceptionsHolder.wrongException(ExpectedExceptionsHolder.java:68)
	at org.testng.internal.Invoker.considerExceptions(Invoker.java:1130)
	at org.testng.internal.Invoker.invokeMethod(Invoker.java:615)
	at org.testng.internal.Invoker.invokeTestMethod(Invoker.java:719)
	at org.testng.internal.Invoker.invokeTestMethods(Invoker.java:989)
	at org.testng.internal.TestMethodWorker.invokeTestMethods(TestMethodWorker.java:125)
	at org.testng.internal.TestMethodWorker.run(TestMethodWorker.java:109)
	at org.testng.TestRunner.privateRun(TestRunner.java:648)
	at org.testng.TestRunner.run(TestRunner.java:505)
	at org.testng.SuiteRunner.runTest(SuiteRunner.java:455)
	at org.testng.SuiteRunner.runSequentially(SuiteRunner.java:450)
	at org.testng.SuiteRunner.privateRun(SuiteRunner.java:415)
	at org.testng.SuiteRunner.run(SuiteRunner.java:364)
	at org.testng.SuiteRunnerWorker.runSuite(SuiteRunnerWorker.java:52)
	at org.testng.SuiteRunnerWorker.run(SuiteRunnerWorker.java:84)
	at org.testng.TestNG.runSuitesSequentially(TestNG.java:1208)
	at org.testng.TestNG.runSuitesLocally(TestNG.java:1137)
	at org.testng.TestNG.runSuites(TestNG.java:1049)
	at org.testng.TestNG.run(TestNG.java:1017)
	at org.testng.remote.AbstractRemoteTestNG.run(AbstractRemoteTestNG.java:115)
	at org.testng.remote.RemoteTestNG.initAndRun(RemoteTestNG.java:251)
	at org.testng.remote.RemoteTestNG.main(RemoteTestNG.java:77)
Caused by: java.lang.Error: Unresolved compilation problem: 
	Syntax error, insert &quot;}&quot; to complete Block

	at environment.Massiv.division(Massiv.java:22)
	at environment.NewTest.test1(NewTest.java:37)
	at sun.reflect.NativeMethodAccessorImpl.invoke0(Native Method)
	at sun.reflect.NativeMethodAccessorImpl.invoke(Unknown Source)
	at sun.reflect.DelegatingMethodAccessorImpl.invoke(Unknown Source)
	at java.lang.reflect.Method.invoke(Unknown Source)
	at org.testng.internal.MethodInvocationHelper.invokeMethod(MethodInvocationHelper.java:124)
	at org.testng.internal.Invoker.invokeMethod(Invoker.java:583)
	... 19 more
</pre></div><a href='#' onClick='toggleBox("stack-trace809260538", this, "Click to show all stack frames", "Click to hide stack frames")'>Click to show all stack frames</a>
<div class='stack-trace' id='stack-trace809260538'><pre>org.testng.TestException: 
Expected exception of type class java.lang.ArithmeticException but got java.lang.Error: Unresolved compilation problem: 
	Syntax error, insert &quot;}&quot; to complete Block

	at org.testng.internal.ExpectedExceptionsHolder.wrongException(ExpectedExceptionsHolder.java:68)
	at org.testng.internal.Invoker.considerExceptions(Invoker.java:1130)
	at org.testng.internal.Invoker.invokeMethod(Invoker.java:615)
	at org.testng.internal.Invoker.invokeTestMethod(Invoker.java:719)
	at org.testng.internal.Invoker.invokeTestMethods(Invoker.java:989)
	at org.testng.internal.TestMethodWorker.invokeTestMethods(TestMethodWorker.java:125)
	at org.testng.internal.TestMethodWorker.run(TestMethodWorker.java:109)
	at org.testng.TestRunner.privateRun(TestRunner.java:648)
	at org.testng.TestRunner.run(TestRunner.java:505)
	at org.testng.SuiteRunner.runTest(SuiteRunner.java:455)
	at org.testng.SuiteRunner.runSequentially(SuiteRunner.java:450)
	at org.testng.SuiteRunner.privateRun(SuiteRunner.java:415)
	at org.testng.SuiteRunner.run(SuiteRunner.java:364)
	at org.testng.SuiteRunnerWorker.runSuite(SuiteRunnerWorker.java:52)
	at org.testng.SuiteRunnerWorker.run(SuiteRunnerWorker.java:84)
	at org.testng.TestNG.runSuitesSequentially(TestNG.java:1208)
	at org.testng.TestNG.runSuitesLocally(TestNG.java:1137)
	at org.testng.TestNG.runSuites(TestNG.java:1049)
	at org.testng.TestNG.run(TestNG.java:1017)
	at org.testng.remote.AbstractRemoteTestNG.run(AbstractRemoteTestNG.java:115)
	at org.testng.remote.RemoteTestNG.initAndRun(RemoteTestNG.java:251)
	at org.testng.remote.RemoteTestNG.main(RemoteTestNG.java:77)
Caused by: java.lang.Error: Unresolved compilation problem: 
	Syntax error, insert &quot;}&quot; to complete Block

	at environment.Massiv.division(Massiv.java:22)
	at environment.NewTest.test1(NewTest.java:37)
	at sun.reflect.NativeMethodAccessorImpl.invoke0(Native Method)
	at sun.reflect.NativeMethodAccessorImpl.invoke(Unknown Source)
	at sun.reflect.DelegatingMethodAccessorImpl.invoke(Unknown Source)
	at java.lang.reflect.Method.invoke(Unknown Source)
	at org.testng.internal.MethodInvocationHelper.invokeMethod(MethodInvocationHelper.java:124)
	at org.testng.internal.Invoker.invokeMethod(Invoker.java:583)
	... 19 more
</pre></div></td>
<td>0</td>
<td>environment.NewTest@3dd4a6fa</td></tr>
</table><p>
<table width='100%' border='1' class='invocation-passed'>
<tr><td colspan='4' align='center'><b>PASSED TESTS</b></td></tr>
<tr><td><b>Test method</b></td>
<td width="30%"><b>Exception</b></td>
<td width="10%"><b>Time (seconds)</b></td>
<td><b>Instance</b></td>
</tr>
<tr>
<td title='environment.NewTest.f()'><b>f</b><br>Test class: environment.NewTest<br>Parameters: 1, a</td>
<td></td>
<td>0</td>
<td>environment.NewTest@3dd4a6fa</td></tr>
<tr>
<td title='environment.NewTest.f()'><b>f</b><br>Test class: environment.NewTest<br>Parameters: 2, b</td>
<td></td>
<td>0</td>
<td>environment.NewTest@3dd4a6fa</td></tr>
<tr>
<td title='environment.NewTest.test10()'><b>test10</b><br>Test class: environment.NewTest</td>
<td></td>
<td>0</td>
<td>environment.NewTest@3dd4a6fa</td></tr>
<tr>
<td title='environment.NewTest.test12()'><b>test12</b><br>Test class: environment.NewTest</td>
<td></td>
<td>0</td>
<td>environment.NewTest@3dd4a6fa</td></tr>
<tr>
<td title='environment.NewTest.test13()'><b>test13</b><br>Test class: environment.NewTest</td>
<td></td>
<td>0</td>
<td>environment.NewTest@3dd4a6fa</td></tr>
<tr>
<td title='environment.NewTest.test14()'><b>test14</b><br>Test class: environment.NewTest</td>
<td></td>
<td>0</td>
<td>environment.NewTest@3dd4a6fa</td></tr>
<tr>
<td title='environment.NewTest.test15()'><b>test15</b><br>Test class: environment.NewTest</td>
<td></td>
<td>0</td>
<td>environment.NewTest@3dd4a6fa</td></tr>
<tr>
<td title='environment.NewTest.test16()'><b>test16</b><br>Test class: environment.NewTest</td>
<td></td>
<td>0</td>
<td>environment.NewTest@3dd4a6fa</td></tr>
<tr>
<td title='environment.NewTest.test17()'><b>test17</b><br>Test class: environment.NewTest</td>
<td></td>
<td>0</td>
<td>environment.NewTest@3dd4a6fa</td></tr>
<tr>
<td title='environment.NewTest.test18()'><b>test18</b><br>Test class: environment.NewTest</td>
<td></td>
<td>0</td>
<td>environment.NewTest@3dd4a6fa</td></tr>
<tr>
<td title='environment.NewTest.test19()'><b>test19</b><br>Test class: environment.NewTest</td>
<td></td>
<td>0</td>
<td>environment.NewTest@3dd4a6fa</td></tr>
<tr>
<td title='environment.NewTest.test2()'><b>test2</b><br>Test class: environment.NewTest</td>
<td></td>
<td>0</td>
<td>environment.NewTest@3dd4a6fa</td></tr>
<tr>
<td title='environment.NewTest.test20()'><b>test20</b><br>Test class: environment.NewTest</td>
<td></td>
<td>0</td>
<td>environment.NewTest@3dd4a6fa</td></tr>
<tr>
<td title='environment.NewTest.test21()'><b>test21</b><br>Test class: environment.NewTest</td>
<td></td>
<td>0</td>
<td>environment.NewTest@3dd4a6fa</td></tr>
<tr>
<td title='environment.NewTest.test22()'><b>test22</b><br>Test class: environment.NewTest</td>
<td></td>
<td>0</td>
<td>environment.NewTest@3dd4a6fa</td></tr>
<tr>
<td title='environment.NewTest.test23()'><b>test23</b><br>Test class: environment.NewTest</td>
<td></td>
<td>0</td>
<td>environment.NewTest@3dd4a6fa</td></tr>
<tr>
<td title='environment.NewTest.test24()'><b>test24</b><br>Test class: environment.NewTest</td>
<td></td>
<td>0</td>
<td>environment.NewTest@3dd4a6fa</td></tr>
<tr>
<td title='environment.NewTest.test3()'><b>test3</b><br>Test class: environment.NewTest</td>
<td></td>
<td>0</td>
<td>environment.NewTest@3dd4a6fa</td></tr>
<tr>
<td title='environment.NewTest.test4()'><b>test4</b><br>Test class: environment.NewTest</td>
<td></td>
<td>0</td>
<td>environment.NewTest@3dd4a6fa</td></tr>
<tr>
<td title='environment.NewTest.test5()'><b>test5</b><br>Test class: environment.NewTest</td>
<td></td>
<td>0</td>
<td>environment.NewTest@3dd4a6fa</td></tr>
<tr>
<td title='environment.NewTest.test6()'><b>test6</b><br>Test class: environment.NewTest</td>
<td></td>
<td>0</td>
<td>environment.NewTest@3dd4a6fa</td></tr>
<tr>
<td title='environment.NewTest.test7()'><b>test7</b><br>Test class: environment.NewTest</td>
<td></td>
<td>0</td>
<td>environment.NewTest@3dd4a6fa</td></tr>
<tr>
<td title='environment.NewTest.test8()'><b>test8</b><br>Test class: environment.NewTest</td>
<td></td>
<td>0</td>
<td>environment.NewTest@3dd4a6fa</td></tr>
<tr>
<td title='environment.NewTest.test9()'><b>test9</b><br>Test class: environment.NewTest</td>
<td></td>
<td>0</td>
<td>environment.NewTest@3dd4a6fa</td></tr>
</table><p>
</body>
</html>