<?xml version="1.0" encoding="UTF-8"?>
<!-- Generated by org.testng.reporters.JUnitReportReporter -->
<testsuite skipped="2" hostname="DESKTOP-3LLRIEL" name="environment.NewTest" tests="27" failures="0" timestamp="15 мар 2019 08:23:04 GMT" time="0.086" errors="1">
  <testcase name="test1" time="0.007" classname="environment.NewTest">
    <error type="org.testng.TestException" message="
Expected exception of type class java.lang.ArithmeticException but got java.lang.Error: Unresolved compilation problem: 
	Syntax error, insert &quot;}&quot; to complete Block
">
      <![CDATA[org.testng.TestException: 
Expected exception of type class java.lang.ArithmeticException but got java.lang.Error: Unresolved compilation problem: 
Syntax error, insert "}" to complete Block

at org.testng.internal.ExpectedExceptionsHolder.wrongException(ExpectedExceptionsHolder.java:68)
at org.testng.internal.Invoker.considerExceptions(Invoker.java:1130)
at org.testng.internal.Invoker.invokeMethod(Invoker.java:615)
at org.testng.internal.Invoker.invokeTestMethod(Invoker.java:719)
at org.testng.internal.Invoker.invokeTestMethods(Invoker.java:989)
at org.testng.internal.TestMethodWorker.invokeTestMethods(TestMethodWorker.java:125)
at org.testng.internal.TestMethodWorker.run(TestMethodWorker.java:109)
at org.testng.TestRunner.privateRun(TestRunner.java:648)
at org.testng.TestRunner.run(TestRunner.java:505)
at org.testng.SuiteRunner.runTest(SuiteRunner.java:455)
at org.testng.SuiteRunner.runSequentially(SuiteRunner.java:450)
at org.testng.SuiteRunner.privateRun(SuiteRunner.java:415)
at org.testng.SuiteRunner.run(SuiteRunner.java:364)
at org.testng.SuiteRunnerWorker.runSuite(SuiteRunnerWorker.java:52)
at org.testng.SuiteRunnerWorker.run(SuiteRunnerWorker.java:84)
at org.testng.TestNG.runSuitesSequentially(TestNG.java:1208)
at org.testng.TestNG.runSuitesLocally(TestNG.java:1137)
at org.testng.TestNG.runSuites(TestNG.java:1049)
at org.testng.TestNG.run(TestNG.java:1017)
at org.testng.remote.AbstractRemoteTestNG.run(AbstractRemoteTestNG.java:115)
at org.testng.remote.RemoteTestNG.initAndRun(RemoteTestNG.java:251)
at org.testng.remote.RemoteTestNG.main(RemoteTestNG.java:77)
Caused by: java.lang.Error: Unresolved compilation problem: 
Syntax error, insert "}" to complete Block

at environment.Massiv.division(Massiv.java:22)
at environment.NewTest.test1(NewTest.java:37)
at sun.reflect.NativeMethodAccessorImpl.invoke0(Native Method)
at sun.reflect.NativeMethodAccessorImpl.invoke(Unknown Source)
at sun.reflect.DelegatingMethodAccessorImpl.invoke(Unknown Source)
at java.lang.reflect.Method.invoke(Unknown Source)
at org.testng.internal.MethodInvocationHelper.invokeMethod(MethodInvocationHelper.java:124)
at org.testng.internal.Invoker.invokeMethod(Invoker.java:583)
... 19 more
]]>
    </error>
  </testcase> <!-- test1 -->
  <testcase name="test3" time="0.000" classname="environment.NewTest"/>
  <testcase name="test19" time="0.002" classname="environment.NewTest"/>
  <testcase name="test4" time="0.001" classname="environment.NewTest"/>
  <testcase name="f" time="0.012" classname="environment.NewTest"/>
  <testcase name="test5" time="0.002" classname="environment.NewTest"/>
  <testcase name="test7" time="0.002" classname="environment.NewTest"/>
  <testcase name="test20" time="0.001" classname="environment.NewTest"/>
  <testcase name="test21" time="0.001" classname="environment.NewTest"/>
  <testcase name="test8" time="0.002" classname="environment.NewTest"/>
  <testcase name="test23" time="0.002" classname="environment.NewTest"/>
  <testcase name="test10" time="0.015" classname="environment.NewTest"/>
  <testcase name="test22" time="0.002" classname="environment.NewTest"/>
  <testcase name="test13" time="0.005" classname="environment.NewTest"/>
  <testcase name="test9" time="0.002" classname="environment.NewTest"/>
  <testcase name="test2" time="0.002" classname="environment.NewTest"/>
  <testcase name="test6" time="0.004" classname="environment.NewTest"/>
  <testcase name="test24" time="0.001" classname="environment.NewTest"/>
  <testcase name="test17" time="0.001" classname="environment.NewTest"/>
  <testcase name="test12" time="0.005" classname="environment.NewTest"/>
  <testcase name="test14" time="0.003" classname="environment.NewTest"/>
  <testcase name="test15" time="0.004" classname="environment.NewTest"/>
  <testcase name="test18" time="0.002" classname="environment.NewTest"/>
  <testcase name="f" time="0.003" classname="environment.NewTest"/>
  <testcase name="test16" time="0.005" classname="environment.NewTest"/>
  <testcase name="test25" classname="environment.NewTest">
    <skipped/>
  </testcase> <!-- test25 -->
  <testcase name="test11" classname="environment.NewTest">
    <skipped/>
  </testcase> <!-- test11 -->
</testsuite> <!-- environment.NewTest -->
